d:\projets\etna\thesmashingdead\thesmashingdead\marius\marius\x64\debug\vc140.pdb
d:\projets\etna\thesmashingdead\thesmashingdead\marius\marius\x64\debug\vc140.idb
d:\projets\etna\thesmashingdead\thesmashingdead\marius\marius\x64\debug\bloc.obj
d:\projets\etna\thesmashingdead\thesmashingdead\marius\marius\x64\debug\enemy.obj
d:\projets\etna\thesmashingdead\thesmashingdead\marius\marius\x64\debug\eventmanager.obj
d:\projets\etna\thesmashingdead\thesmashingdead\marius\marius\x64\debug\game.obj
d:\projets\etna\thesmashingdead\thesmashingdead\marius\marius\x64\debug\main.obj
d:\projets\etna\thesmashingdead\thesmashingdead\marius\marius\x64\debug\menu.obj
d:\projets\etna\thesmashingdead\thesmashingdead\marius\marius\x64\debug\player.obj
d:\projets\etna\thesmashingdead\thesmashingdead\marius\marius\x64\debug\entitymanager.obj
d:\projets\etna\thesmashingdead\thesmashingdead\marius\x64\debug\marius.ilk
d:\projets\etna\thesmashingdead\thesmashingdead\marius\x64\debug\marius.exe
d:\projets\etna\thesmashingdead\thesmashingdead\marius\x64\debug\marius.pdb
d:\projets\etna\thesmashingdead\thesmashingdead\marius\marius\x64\debug\marius.res
d:\projets\etna\thesmashingdead\thesmashingdead\marius\marius\x64\debug\marius.tlog\cl.command.1.tlog
d:\projets\etna\thesmashingdead\thesmashingdead\marius\marius\x64\debug\marius.tlog\cl.read.1.tlog
d:\projets\etna\thesmashingdead\thesmashingdead\marius\marius\x64\debug\marius.tlog\cl.write.1.tlog
d:\projets\etna\thesmashingdead\thesmashingdead\marius\marius\x64\debug\marius.tlog\link.command.1.tlog
d:\projets\etna\thesmashingdead\thesmashingdead\marius\marius\x64\debug\marius.tlog\link.read.1.tlog
d:\projets\etna\thesmashingdead\thesmashingdead\marius\marius\x64\debug\marius.tlog\link.write.1.tlog
d:\projets\etna\thesmashingdead\thesmashingdead\marius\marius\x64\debug\marius.tlog\rc.command.1.tlog
d:\projets\etna\thesmashingdead\thesmashingdead\marius\marius\x64\debug\marius.tlog\rc.read.1.tlog
d:\projets\etna\thesmashingdead\thesmashingdead\marius\marius\x64\debug\marius.tlog\rc.write.1.tlog
